{"failedCount":1,"prefixedPath":"src\/test\/java\/Test\/FirstTest.feature","packageQualifiedName":"src.test.java.Test.FirstTest","loopIndex":-1,"relativePath":"src\/test\/java\/Test\/FirstTest.feature","scenarioResults":[{"sectionIndex":0,"stepResults":[{"result":{"nanos":49928500,"errorMessage":">>>> js failed:\n01: is 'https:\/\/reqres.in\/api\/users?page=2'\n<<<<\norg.graalvm.polyglot.PolyglotException: SyntaxError: Unnamed:1:4 Expected ; but found https:\/\/reqres.in\/api\/users?page=2\r\nis 'https:\/\/reqres.in\/api\/users?page=2'\r\n    ^\n\n- org.graalvm.polyglot.Context.eval(Context.java:373)\n- com.intuit.karate.graal.JsEngine.evalForValue(JsEngine.java:124)\n- com.intuit.karate.graal.JsEngine.eval(JsEngine.java:120)\n- com.intuit.karate.core.ScenarioEngine.evalJs(ScenarioEngine.java:1246)\n- com.intuit.karate.core.ScenarioEngine.evalKarateExpression(ScenarioEngine.java:2202)\n- com.intuit.karate.core.ScenarioEngine.url(ScenarioEngine.java:360)\n- com.intuit.karate.ScenarioActions.url(ScenarioActions.java:76)\n\nsrc\/test\/java\/Test\/FirstTest.feature:7","millis":49.9285,"status":"failed"},"step":{"line":7,"prefix":"Given","index":0,"text":"url is 'https:\/\/reqres.in\/api\/users?page=2'"},"stepLog":"15:02:30.432 src\/test\/java\/Test\/FirstTest.feature:7\nGiven url is 'https:\/\/reqres.in\/api\/users?page=2'\n>>>> js failed:\n01: is 'https:\/\/reqres.in\/api\/users?page=2'\n<<<<\norg.graalvm.polyglot.PolyglotException: SyntaxError: Unnamed:1:4 Expected ; but found https:\/\/reqres.in\/api\/users?page=2\r\nis 'https:\/\/reqres.in\/api\/users?page=2'\r\n    ^\n\n- org.graalvm.polyglot.Context.eval(Context.java:373)\n- com.intuit.karate.graal.JsEngine.evalForValue(JsEngine.java:124)\n- com.intuit.karate.graal.JsEngine.eval(JsEngine.java:120)\n- com.intuit.karate.core.ScenarioEngine.evalJs(ScenarioEngine.java:1246)\n- com.intuit.karate.core.ScenarioEngine.evalKarateExpression(ScenarioEngine.java:2202)\n- com.intuit.karate.core.ScenarioEngine.url(ScenarioEngine.java:360)\n- com.intuit.karate.ScenarioActions.url(ScenarioActions.java:76)\n\nsrc\/test\/java\/Test\/FirstTest.feature:7\n"},{"result":{"nanos":0,"millis":0.0,"status":"skipped"},"step":{"line":8,"prefix":"When","index":1,"text":"method Get"}},{"result":{"nanos":0,"millis":0.0,"status":"skipped"},"step":{"line":9,"prefix":"Then","index":2,"text":"method 200"}}],"line":6,"description":"","durationMillis":49.9285,"failed":true,"error":">>>> js failed:\n01: is 'https:\/\/reqres.in\/api\/users?page=2'\n<<<<\norg.graalvm.polyglot.PolyglotException: SyntaxError: Unnamed:1:4 Expected ; but found https:\/\/reqres.in\/api\/users?page=2\r\nis 'https:\/\/reqres.in\/api\/users?page=2'\r\n    ^\n\n- org.graalvm.polyglot.Context.eval(Context.java:373)\n- com.intuit.karate.graal.JsEngine.evalForValue(JsEngine.java:124)\n- com.intuit.karate.graal.JsEngine.eval(JsEngine.java:120)\n- com.intuit.karate.core.ScenarioEngine.evalJs(ScenarioEngine.java:1246)\n- com.intuit.karate.core.ScenarioEngine.evalKarateExpression(ScenarioEngine.java:2202)\n- com.intuit.karate.core.ScenarioEngine.url(ScenarioEngine.java:360)\n- com.intuit.karate.ScenarioActions.url(ScenarioActions.java:76)\n\nsrc\/test\/java\/Test\/FirstTest.feature:7","executorName":"main","name":"Test a Sample Get API","startTime":1643572950372,"refId":"[1:6]","endTime":1643572950433,"exampleIndex":-1}],"callDepth":0,"name":"Sample API Test","description":"","resultDate":"2022-01-30 03:02:30 PM","durationMillis":49.9285,"passedCount":0}