<?xml version="1.0" encoding="UTF-8"?>
<testng-results skipped="0" failed="0" ignored="0" total="1" passed="1">
  <reporter-output>
  </reporter-output>
  <suite name="Adhac" duration-ms="15781" started-at="2020-08-25T12:51:45 EDT" finished-at="2020-08-25T12:52:01 EDT">
    <groups>
    </groups>
    <test name="Home" duration-ms="15781" started-at="2020-08-25T12:51:45 EDT" finished-at="2020-08-25T12:52:01 EDT">
      <class name="HDepot.HTestruner">
        <test-method status="PASS" signature="browser(java.lang.String, java.lang.String)[pri:0, instance:HDepot.HTestruner@5a8806ef]" name="browser" is-config="true" duration-ms="6130" started-at="2020-08-25T12:51:45 EDT" finished-at="2020-08-25T12:51:51 EDT">
          <params>
            <param index="0">
              <value>
                <![CDATA[Firefox]]>
              </value>
            </param>
            <param index="1">
              <value>
                <![CDATA[https://www.homedepot.com]]>
              </value>
            </param>
          </params>
          <reporter-output>
          </reporter-output>
        </test-method> <!-- browser -->
        <test-method status="PASS" signature="f()[pri:0, instance:HDepot.HTestruner@5a8806ef]" name="f" duration-ms="3537" started-at="2020-08-25T12:51:52 EDT" finished-at="2020-08-25T12:51:55 EDT">
          <reporter-output>
          </reporter-output>
        </test-method> <!-- f -->
        <test-method status="PASS" signature="afterClass()[pri:0, instance:HDepot.HTestruner@5a8806ef]" name="afterClass" is-config="true" duration-ms="6088" started-at="2020-08-25T12:51:55 EDT" finished-at="2020-08-25T12:52:01 EDT">
          <reporter-output>
          </reporter-output>
        </test-method> <!-- afterClass -->
      </class> <!-- HDepot.HTestruner -->
    </test> <!-- Home -->
  </suite> <!-- Adhac -->
</testng-results>
