<?xml version="1.0" encoding="UTF-8"?>
<!-- Generated by org.testng.reporters.JUnitXMLReporter -->
<testsuite hostname="DESKTOP-RA2ECB6" ignored="0" name="TestNG.XML" tests="4" failures="0" timestamp="2020-12-16T21:31:35 EST" time="0.033" errors="0">
  <testcase name="tm1" time="0.004" classname="Day24Tests.TC1"/>
  <testcase name="tm2" time="0.001" classname="Day24Tests.TC1"/>
  <testcase name="tm3" time="0.0" classname="Day24Tests.TC2"/>
  <testcase name="tm4" time="0.001" classname="Day24Tests.TC2"/>
</testsuite> <!-- TestNG.XML -->
