<?xml version="1.0" encoding="UTF-8"?>
<!-- Generated by org.testng.reporters.JUnitXMLReporter -->
<testsuite hostname="DESKTOP-RA2ECB6" ignored="0" name="todaystestng" tests="7" failures="0" timestamp="2020-12-16T17:24:48 EST" time="4.877" errors="0">
  <testcase name="setup" time="3.47" classname="Day23TestNG.LoginTest"/>
  <testcase name="loginTest" time="1.334" classname="Day23TestNG.LoginTest"/>
  <testcase name="teardown" time="0.032" classname="Day23TestNG.LoginTest"/>
  <testcase name="launchBrowser" time="0.001" classname="Day23TestNG.FirstTestCase"/>
  <testcase name="openUrl" time="0.001" classname="Day23TestNG.FirstTestCase"/>
  <testcase name="login" time="0.001" classname="Day23TestNG.FirstTestCase"/>
  <testcase name="closeBrowser" time="0.001" classname="Day23TestNG.FirstTestCase"/>
</testsuite> <!-- todaystestng -->
