<?xml version="1.0" encoding="UTF-8"?>
<!-- Generated by org.testng.reporters.JUnitXMLReporter -->
<testsuite hostname="DESKTOP-RA2ECB6" ignored="0" name="Action" tests="1" failures="0" timestamp="2020-08-10T15:15:33 EDT" time="5.433" errors="0">
  <testcase name="@AfterClass afterClass" time="0.267" classname="HomeDepotProject.browser">
    <failure type="java.io.FileNotFoundException" message="webdriver.gecko.driver\C:\Users\asbeh\eclipse-workspace\RRegression \Drivers\geckodriver.exe (The filename, directory name, or volume label syntax is incorrect)">
      <![CDATA[java.io.FileNotFoundException: webdriver.gecko.driver\C:\Users\asbeh\eclipse-workspace\RRegression \Drivers\geckodriver.exe (The filename, directory name, or volume label syntax is incorrect)
at java.io.FileOutputStream.open0(Native Method)
at java.io.FileOutputStream.open(FileOutputStream.java:270)
at java.io.FileOutputStream.<init>(FileOutputStream.java:213)
at java.io.FileOutputStream.<init>(FileOutputStream.java:162)
at org.openqa.selenium.io.FileHandler.copyFile(FileHandler.java:138)
at org.openqa.selenium.io.FileHandler.copy(FileHandler.java:117)
at HomeDepotProject.browser.afterClass(browser.java:68)
at java.util.ArrayList.forEach(ArrayList.java:1257)
... Removed 25 stack frames]]>
    </failure>
  </testcase> <!-- @AfterClass afterClass -->
  <testcase name="f" time="0.003" classname="HomeDepotProject.browser"/>
</testsuite> <!-- Action -->
