<?xml version="1.0" encoding="UTF-8"?>
<!-- Generated by org.testng.reporters.JUnitXMLReporter -->
<testsuite hostname="DESKTOP-RA2ECB6" ignored="0" name="Login Validation" tests="7" failures="0" timestamp="2022-03-17T21:38:41 EDT" time="3.276" errors="0">
  <testcase name="setup" time="1.471" classname="HRM.Login"/>
  <testcase name="loginTest" time="1.727" classname="HRM.Login"/>
  <testcase name="teardown" time="0.044" classname="HRM.Login"/>
  <testcase name="launchBrowser" time="0.0" classname="HRM.FristTestCase"/>
  <testcase name="openUrl" time="0.0" classname="HRM.FristTestCase"/>
  <testcase name="login" time="0.001" classname="HRM.FristTestCase"/>
  <testcase name="closeBrowser" time="0.001" classname="HRM.FristTestCase"/>
</testsuite> <!-- Login Validation -->
