<?xml version="1.0" encoding="UTF-8"?>
<!-- Generated by org.testng.reporters.JUnitXMLReporter -->
<testsuite hostname="DESKTOP-RA2ECB6" ignored="0" name="select class" tests="1" failures="0" timestamp="2020-08-03T17:21:04 EDT" time="0.032" errors="0">
  <testcase name="@BeforeClass browser" time="-1.596489664527E9" classname="w5TestNG.ActionClass">
    <failure type="org.testng.TestNGException" message="
Parameter &amp;apos;url&amp;apos; is required by BeforeClass on method browser but has not been marked @Optional or defined
in C:\Users\asbeh\eclipse-workspace\RRegression\src\test\Function1.xml">
      <![CDATA[org.testng.TestNGException: 
Parameter 'url' is required by BeforeClass on method browser but has not been marked @Optional or defined
in C:\Users\asbeh\eclipse-workspace\RRegression\src\test\Function1.xml
at java.util.ArrayList.forEach(ArrayList.java:1257)
... Removed 22 stack frames]]>
    </failure>
  </testcase> <!-- @BeforeClass browser -->
  <testcase name="@AfterClass afterClass" time="-1.596489664546E9" classname="w5TestNG.ActionClass">
    <skipped/>
  </testcase> <!-- @AfterClass afterClass -->
  <testcase name="f" time="0.0" classname="w5TestNG.ActionClass">
    <skipped/>
  </testcase> <!-- f -->
</testsuite> <!-- select class -->
