<?xml version="1.0" encoding="UTF-8"?>
<!-- Generated by org.testng.reporters.JUnitXMLReporter -->
<testsuite hostname="DESKTOP-RA2ECB6" ignored="6" name="Learning Groupingf Methods" tests="3" failures="0" timestamp="2022-03-18T00:15:40 EDT" time="0.03" errors="0">
  <testcase name="loginByemail" time="0.005" classname="Day25.GroupingMethods"/>
  <testcase name="loginByfacebook" time="0.0" classname="Day25.GroupingMethods"/>
  <testcase name="loginBytwitter" time="0.0" classname="Day25.GroupingMethods"/>
  <testcase name="paymentindollar" time="0.0" classname="Day25.GroupingMethods">
    <ignored/>
  </testcase> <!-- paymentindollar -->
  <testcase name="paymentReturnbybank" time="0.0" classname="Day25.GroupingMethods">
    <ignored/>
  </testcase> <!-- paymentReturnbybank -->
  <testcase name="signupByemail" time="0.0" classname="Day25.GroupingMethods">
    <ignored/>
  </testcase> <!-- signupByemail -->
  <testcase name="signupByfacebook" time="0.0" classname="Day25.GroupingMethods">
    <ignored/>
  </testcase> <!-- signupByfacebook -->
  <testcase name="signupBytwitter" time="0.0" classname="Day25.GroupingMethods">
    <ignored/>
  </testcase> <!-- signupBytwitter -->
  <testcase name="paymentinrupees" time="0.0" classname="Day25.GroupingMethods">
    <ignored/>
  </testcase> <!-- paymentinrupees -->
</testsuite> <!-- Learning Groupingf Methods -->
