<?xml version="1.0" encoding="UTF-8"?>
<!-- Generated by org.testng.reporters.JUnitXMLReporter -->
<testsuite hostname="DESKTOP-RA2ECB6" ignored="0" name="Learning grouping methods" tests="9" failures="0" timestamp="2022-03-17T23:34:28 EDT" time="0.043" errors="0">
  <testcase name="loginByemail" time="0.006" classname="Day25.GroupingMethods"/>
  <testcase name="loginByfacebook" time="0.001" classname="Day25.GroupingMethods"/>
  <testcase name="loginBytwitter" time="0.001" classname="Day25.GroupingMethods"/>
  <testcase name="signupByemail" time="0.001" classname="Day25.GroupingMethods"/>
  <testcase name="signupByfacebook" time="0.0" classname="Day25.GroupingMethods"/>
  <testcase name="signupBytwitter" time="0.0" classname="Day25.GroupingMethods"/>
  <testcase name="paymentReturnbybank" time="0.0" classname="Day25.GroupingMethods"/>
  <testcase name="paymentindollar" time="0.001" classname="Day25.GroupingMethods"/>
  <testcase name="paymentinrupees" time="0.0" classname="Day25.GroupingMethods"/>
</testsuite> <!-- Learning grouping methods -->
