<?xml version="1.0" encoding="UTF-8"?>
<!-- Generated by org.testng.reporters.JUnitReportReporter -->
<testsuite skipped="0" hostname="DESKTOP-RA2ECB6" name="HRM.Login" tests="3" failures="0" timestamp="2022-03-17T21:38:41 EDT" time="3.242" errors="0">
  <testcase name="setup" time="1.471" classname="HRM.Login"/>
  <system-out/>
  <testcase name="loginTest" time="1.727" classname="HRM.Login"/>
  <system-out/>
  <testcase name="teardown" time="0.044" classname="HRM.Login"/>
  <system-out/>
</testsuite> <!-- HRM.Login -->
