<?xml version="1.0" encoding="UTF-8"?>
<!-- Generated by org.testng.reporters.JUnitReportReporter -->
<testsuite skipped="0" hostname="DESKTOP-RA2ECB6" name="Day25.GroupingMethods" tests="3" failures="0" timestamp="2022-03-18T00:15:40 EDT" time="0.005" errors="0">
  <testcase name="loginByemail" time="0.005" classname="Day25.GroupingMethods"/>
  <system-out/>
  <testcase name="loginByfacebook" time="0.000" classname="Day25.GroupingMethods"/>
  <system-out/>
  <testcase name="loginBytwitter" time="0.000" classname="Day25.GroupingMethods"/>
  <system-out/>
</testsuite> <!-- Day25.GroupingMethods -->
