<?xml version="1.0" encoding="UTF-8"?>
<!-- Generated by org.testng.reporters.JUnitReportReporter -->
<testsuite skipped="0" hostname="DESKTOP-RA2ECB6" name="HRM.FristTestCase" tests="4" failures="0" timestamp="2022-03-17T21:38:41 EDT" time="0.002" errors="0">
  <testcase name="launchBrowser" time="0.000" classname="HRM.FristTestCase"/>
  <system-out/>
  <testcase name="openUrl" time="0.000" classname="HRM.FristTestCase"/>
  <system-out/>
  <testcase name="login" time="0.001" classname="HRM.FristTestCase"/>
  <system-out/>
  <testcase name="closeBrowser" time="0.001" classname="HRM.FristTestCase"/>
  <system-out/>
</testsuite> <!-- HRM.FristTestCase -->
