<?xml version="1.0" encoding="UTF-8"?>
<!-- Generated by org.testng.reporters.JUnitReportReporter -->
<testsuite skipped="0" hostname="DESKTOP-RA2ECB6" name="TestNG_HRM.Login" tests="3" failures="0" timestamp="2022-03-17T22:03:46 EDT" time="3.403" errors="0">
  <testcase name="setup" time="1.479" classname="TestNG_HRM.Login"/>
  <system-out/>
  <testcase name="loginTest" time="1.872" classname="TestNG_HRM.Login"/>
  <system-out/>
  <testcase name="teardown" time="0.052" classname="TestNG_HRM.Login"/>
  <system-out/>
</testsuite> <!-- TestNG_HRM.Login -->
