<?xml version="1.0" encoding="UTF-8"?>
<!-- Generated by org.testng.reporters.JUnitReportReporter -->
<testsuite skipped="1" hostname="DESKTOP-RA2ECB6" name="com.nopcommerce.testCase.Tc_LoginTest_001" tests="2" failures="0" timestamp="25 Jun 2021 14:34:20 GMT" time="1.541" errors="1">
  <testcase name="LoginTest" time="0.000" classname="com.nopcommerce.testCase.Tc_LoginTest_001">
    <skipped/>
  </testcase> <!-- LoginTest -->
  <testcase name="setup" time="1.541" classname="com.nopcommerce.testCase.Tc_LoginTest_001">
    <error type="org.openqa.selenium.SessionNotCreatedException" message="session not created: This version of ChromeDriver only supports Chrome version 86
Current browser version is 91.0.4472.114 with binary path C:\Program Files (x86)\Google\Chrome\Application\chrome.exe
Build info: version: &#039;3.141.59&#039;, revision: &#039;e82be7d358&#039;, time: &#039;2018-11-14T08:17:03&#039;
System info: host: &#039;DESKTOP-RA2ECB6&#039;, ip: &#039;192.168.244.1&#039;, os.name: &#039;Windows 10&#039;, os.arch: &#039;amd64&#039;, os.version: &#039;10.0&#039;, java.version: &#039;1.8.0_251&#039;
Driver info: driver.version: ChromeDriver
remote stacktrace: Backtrace:
	Ordinal0 [0x010FC013+3194899]
	Ordinal0 [0x00FE6021+2056225]
	Ordinal0 [0x00E7F608+587272]
	Ordinal0 [0x00E01BF3+72691]
	Ordinal0 [0x00DFE229+57897]
	Ordinal0 [0x00DFC64A+50762]
	Ordinal0 [0x00E21EE9+204521]
	Ordinal0 [0x00E21D0D+204045]
	Ordinal0 [0x00E1FC1B+195611]
	Ordinal0 [0x00E03B7F+80767]
	Ordinal0 [0x00E04B4E+84814]
	Ordinal0 [0x00E04AD9+84697]
	Ordinal0 [0x00FFCE64+2149988]
	GetHandleVerifier [0x0126BE95+1400773]
	GetHandleVerifier [0x0126BB61+1399953]
	GetHandleVerifier [0x012731FA+1430314]
	GetHandleVerifier [0x0126C69F+1402831]
	Ordinal0 [0x00FF3D61+2112865]
	Ordinal0 [0x00FFE5CB+2155979]
	Ordinal0 [0x00FFE6F5+2156277]
	Ordinal0 [0x0100F26E+2224750]
	BaseThreadInitThunk [0x76B7FA29+25]
	RtlGetAppContainerNamedObjectPath [0x77D27A9E+286]
	RtlGetAppContainerNamedObjectPath [0x77D27A6E+238]
">
      <![CDATA[org.openqa.selenium.SessionNotCreatedException: session not created: This version of ChromeDriver only supports Chrome version 86
Current browser version is 91.0.4472.114 with binary path C:\Program Files (x86)\Google\Chrome\Application\chrome.exe
Build info: version: '3.141.59', revision: 'e82be7d358', time: '2018-11-14T08:17:03'
System info: host: 'DESKTOP-RA2ECB6', ip: '192.168.244.1', os.name: 'Windows 10', os.arch: 'amd64', os.version: '10.0', java.version: '1.8.0_251'
Driver info: driver.version: ChromeDriver
remote stacktrace: Backtrace:
Ordinal0 [0x010FC013+3194899]
Ordinal0 [0x00FE6021+2056225]
Ordinal0 [0x00E7F608+587272]
Ordinal0 [0x00E01BF3+72691]
Ordinal0 [0x00DFE229+57897]
Ordinal0 [0x00DFC64A+50762]
Ordinal0 [0x00E21EE9+204521]
Ordinal0 [0x00E21D0D+204045]
Ordinal0 [0x00E1FC1B+195611]
Ordinal0 [0x00E03B7F+80767]
Ordinal0 [0x00E04B4E+84814]
Ordinal0 [0x00E04AD9+84697]
Ordinal0 [0x00FFCE64+2149988]
GetHandleVerifier [0x0126BE95+1400773]
GetHandleVerifier [0x0126BB61+1399953]
GetHandleVerifier [0x012731FA+1430314]
GetHandleVerifier [0x0126C69F+1402831]
Ordinal0 [0x00FF3D61+2112865]
Ordinal0 [0x00FFE5CB+2155979]
Ordinal0 [0x00FFE6F5+2156277]
Ordinal0 [0x0100F26E+2224750]
BaseThreadInitThunk [0x76B7FA29+25]
RtlGetAppContainerNamedObjectPath [0x77D27A9E+286]
RtlGetAppContainerNamedObjectPath [0x77D27A6E+238]

at sun.reflect.NativeConstructorAccessorImpl.newInstance0(Native Method)
at sun.reflect.NativeConstructorAccessorImpl.newInstance(NativeConstructorAccessorImpl.java:62)
at sun.reflect.DelegatingConstructorAccessorImpl.newInstance(DelegatingConstructorAccessorImpl.java:45)
at java.lang.reflect.Constructor.newInstance(Constructor.java:423)
at org.openqa.selenium.remote.W3CHandshakeResponse.lambda$errorHandler$0(W3CHandshakeResponse.java:62)
at org.openqa.selenium.remote.HandshakeResponse.lambda$getResponseFunction$0(HandshakeResponse.java:30)
at org.openqa.selenium.remote.ProtocolHandshake.lambda$createSession$0(ProtocolHandshake.java:126)
at java.util.stream.ReferencePipeline$3$1.accept(ReferencePipeline.java:193)
at java.util.Spliterators$ArraySpliterator.tryAdvance(Spliterators.java:958)
at java.util.stream.ReferencePipeline.forEachWithCancel(ReferencePipeline.java:126)
at java.util.stream.AbstractPipeline.copyIntoWithCancel(AbstractPipeline.java:499)
at java.util.stream.AbstractPipeline.copyInto(AbstractPipeline.java:486)
at java.util.stream.AbstractPipeline.wrapAndCopyInto(AbstractPipeline.java:472)
at java.util.stream.FindOps$FindOp.evaluateSequential(FindOps.java:152)
at java.util.stream.AbstractPipeline.evaluate(AbstractPipeline.java:234)
at java.util.stream.ReferencePipeline.findFirst(ReferencePipeline.java:464)
at org.openqa.selenium.remote.ProtocolHandshake.createSession(ProtocolHandshake.java:128)
at org.openqa.selenium.remote.ProtocolHandshake.createSession(ProtocolHandshake.java:74)
at org.openqa.selenium.remote.HttpCommandExecutor.execute(HttpCommandExecutor.java:136)
at org.openqa.selenium.remote.service.DriverCommandExecutor.execute(DriverCommandExecutor.java:83)
at org.openqa.selenium.remote.RemoteWebDriver.execute(RemoteWebDriver.java:552)
at org.openqa.selenium.remote.RemoteWebDriver.startSession(RemoteWebDriver.java:213)
at org.openqa.selenium.remote.RemoteWebDriver.<init>(RemoteWebDriver.java:131)
at org.openqa.selenium.chrome.ChromeDriver.<init>(ChromeDriver.java:181)
at org.openqa.selenium.chrome.ChromeDriver.<init>(ChromeDriver.java:168)
at org.openqa.selenium.chrome.ChromeDriver.<init>(ChromeDriver.java:123)
at com.nopcommerce.TestBase.BaseClass.setup(BaseClass.java:15)
at sun.reflect.NativeMethodAccessorImpl.invoke0(Native Method)
at sun.reflect.NativeMethodAccessorImpl.invoke(NativeMethodAccessorImpl.java:62)
at sun.reflect.DelegatingMethodAccessorImpl.invoke(DelegatingMethodAccessorImpl.java:43)
at java.lang.reflect.Method.invoke(Method.java:498)
at org.testng.internal.MethodInvocationHelper.invokeMethod(MethodInvocationHelper.java:124)
at org.testng.internal.MethodInvocationHelper.invokeMethodConsideringTimeout(MethodInvocationHelper.java:59)
at org.testng.internal.Invoker.invokeConfigurationMethod(Invoker.java:458)
at org.testng.internal.Invoker.invokeConfigurations(Invoker.java:222)
at org.testng.internal.Invoker.invokeConfigurations(Invoker.java:142)
at org.testng.internal.TestMethodWorker.invokeBeforeClassMethods(TestMethodWorker.java:168)
at org.testng.internal.TestMethodWorker.run(TestMethodWorker.java:105)
at org.testng.TestRunner.privateRun(TestRunner.java:648)
at org.testng.TestRunner.run(TestRunner.java:505)
at org.testng.SuiteRunner.runTest(SuiteRunner.java:455)
at org.testng.SuiteRunner.runSequentially(SuiteRunner.java:450)
at org.testng.SuiteRunner.privateRun(SuiteRunner.java:415)
at org.testng.SuiteRunner.run(SuiteRunner.java:364)
at org.testng.SuiteRunnerWorker.runSuite(SuiteRunnerWorker.java:52)
at org.testng.SuiteRunnerWorker.run(SuiteRunnerWorker.java:84)
at org.testng.TestNG.runSuitesSequentially(TestNG.java:1208)
at org.testng.TestNG.runSuitesLocally(TestNG.java:1137)
at org.testng.TestNG.runSuites(TestNG.java:1049)
at org.testng.TestNG.run(TestNG.java:1017)
at org.testng.remote.AbstractRemoteTestNG.run(AbstractRemoteTestNG.java:115)
at org.testng.remote.RemoteTestNG.initAndRun(RemoteTestNG.java:251)
at org.testng.remote.RemoteTestNG.main(RemoteTestNG.java:77)
]]>
    </error>
  </testcase> <!-- setup -->
</testsuite> <!-- com.nopcommerce.testCase.Tc_LoginTest_001 -->
