<?xml version="1.0" encoding="UTF-8"?>
<!-- Generated by org.testng.reporters.JUnitXMLReporter -->
<testsuite hostname="DESKTOP-RA2ECB6" ignored="0" name="Action" tests="1" failures="0" timestamp="2020-09-05T22:03:35 EDT" time="1.609" errors="0">
  <testcase name="@BeforeClass browser" time="1.579" classname="ExpediaShared.Shared">
    <failure type="org.openqa.selenium.SessionNotCreatedException" message="session not created: This version of ChromeDriver only supports Chrome version 83
Build info: version: &amp;apos;3.141.59&amp;apos;, revision: &amp;apos;e82be7d358&amp;apos;, time: &amp;apos;2018-11-14T08:17:03&amp;apos;
System info: host: &amp;apos;DESKTOP-RA2ECB6&amp;apos;, ip: &amp;apos;192.168.244.1&amp;apos;, os.name: &amp;apos;Windows 10&amp;apos;, os.arch: &amp;apos;amd64&amp;apos;, os.version: &amp;apos;10.0&amp;apos;, java.version: &amp;apos;1.8.0_251&amp;apos;
Driver info: driver.version: ChromeDriver
remote stacktrace: Backtrace:
	Ordinal0 [0x00949563+2725219]
	Ordinal0 [0x00848551+1672529]
	Ordinal0 [0x00730359+525145]
	Ordinal0 [0x006C0B77+68471]
	Ordinal0 [0x006BD32C+54060]
	Ordinal0 [0x006DCC37+183351]
	Ordinal0 [0x006DCA3D+182845]
	Ordinal0 [0x006DA94B+174411]
	Ordinal0 [0x006C2528+75048]
	Ordinal0 [0x006C35A0+79264]
	Ordinal0 [0x006C3539+79161]
	Ordinal0 [0x0085D607+1758727]
	GetHandleVerifier [0x00A66546+1050150]
	GetHandleVerifier [0x00A66291+1049457]
	GetHandleVerifier [0x00A710D7+1094071]
	GetHandleVerifier [0x00A66B46+1051686]
	Ordinal0 [0x00855B06+1727238]
	Ordinal0 [0x0085EB7B+1764219]
	Ordinal0 [0x0085ECE3+1764579]
	Ordinal0 [0x00874C05+1854469]
	BaseThreadInitThunk [0x77276359+25]
	RtlGetAppContainerNamedObjectPath [0x77787C24+228]
	RtlGetAppContainerNamedObjectPath [0x77787BF4+180]
">
      <![CDATA[org.openqa.selenium.SessionNotCreatedException: session not created: This version of ChromeDriver only supports Chrome version 83
Build info: version: '3.141.59', revision: 'e82be7d358', time: '2018-11-14T08:17:03'
System info: host: 'DESKTOP-RA2ECB6', ip: '192.168.244.1', os.name: 'Windows 10', os.arch: 'amd64', os.version: '10.0', java.version: '1.8.0_251'
Driver info: driver.version: ChromeDriver
remote stacktrace: Backtrace:
Ordinal0 [0x00949563+2725219]
Ordinal0 [0x00848551+1672529]
Ordinal0 [0x00730359+525145]
Ordinal0 [0x006C0B77+68471]
Ordinal0 [0x006BD32C+54060]
Ordinal0 [0x006DCC37+183351]
Ordinal0 [0x006DCA3D+182845]
Ordinal0 [0x006DA94B+174411]
Ordinal0 [0x006C2528+75048]
Ordinal0 [0x006C35A0+79264]
Ordinal0 [0x006C3539+79161]
Ordinal0 [0x0085D607+1758727]
GetHandleVerifier [0x00A66546+1050150]
GetHandleVerifier [0x00A66291+1049457]
GetHandleVerifier [0x00A710D7+1094071]
GetHandleVerifier [0x00A66B46+1051686]
Ordinal0 [0x00855B06+1727238]
Ordinal0 [0x0085EB7B+1764219]
Ordinal0 [0x0085ECE3+1764579]
Ordinal0 [0x00874C05+1854469]
BaseThreadInitThunk [0x77276359+25]
RtlGetAppContainerNamedObjectPath [0x77787C24+228]
RtlGetAppContainerNamedObjectPath [0x77787BF4+180]

at org.openqa.selenium.remote.W3CHandshakeResponse.lambda$errorHandler$0(W3CHandshakeResponse.java:62)
at org.openqa.selenium.remote.HandshakeResponse.lambda$getResponseFunction$0(HandshakeResponse.java:30)
at org.openqa.selenium.remote.ProtocolHandshake.lambda$createSession$0(ProtocolHandshake.java:126)
at java.util.stream.ReferencePipeline$3$1.accept(ReferencePipeline.java:193)
at java.util.Spliterators$ArraySpliterator.tryAdvance(Spliterators.java:958)
at java.util.stream.ReferencePipeline.forEachWithCancel(ReferencePipeline.java:126)
at java.util.stream.AbstractPipeline.copyIntoWithCancel(AbstractPipeline.java:499)
at java.util.stream.AbstractPipeline.copyInto(AbstractPipeline.java:486)
at java.util.stream.AbstractPipeline.wrapAndCopyInto(AbstractPipeline.java:472)
at java.util.stream.FindOps$FindOp.evaluateSequential(FindOps.java:152)
at java.util.stream.AbstractPipeline.evaluate(AbstractPipeline.java:234)
at java.util.stream.ReferencePipeline.findFirst(ReferencePipeline.java:464)
at org.openqa.selenium.remote.ProtocolHandshake.createSession(ProtocolHandshake.java:128)
at org.openqa.selenium.remote.ProtocolHandshake.createSession(ProtocolHandshake.java:74)
at org.openqa.selenium.remote.HttpCommandExecutor.execute(HttpCommandExecutor.java:136)
at org.openqa.selenium.remote.service.DriverCommandExecutor.execute(DriverCommandExecutor.java:83)
at org.openqa.selenium.remote.RemoteWebDriver.execute(RemoteWebDriver.java:552)
at org.openqa.selenium.remote.RemoteWebDriver.startSession(RemoteWebDriver.java:213)
at org.openqa.selenium.remote.RemoteWebDriver.<init>(RemoteWebDriver.java:131)
at org.openqa.selenium.chrome.ChromeDriver.<init>(ChromeDriver.java:181)
at org.openqa.selenium.chrome.ChromeDriver.<init>(ChromeDriver.java:168)
at org.openqa.selenium.chrome.ChromeDriver.<init>(ChromeDriver.java:123)
at ExpediaShared.Shared.browser(Shared.java:31)
at java.util.ArrayList.forEach(ArrayList.java:1257)
... Removed 29 stack frames]]>
    </failure>
  </testcase> <!-- @BeforeClass browser -->
  <testcase name="@AfterClass afterClass" time="-1.599357815475E9" classname="ExpediaShared.Shared">
    <skipped/>
  </testcase> <!-- @AfterClass afterClass -->
  <testcase name="f" time="0.0" classname="Expedia.ExpediaTestruner">
    <skipped/>
  </testcase> <!-- f -->
</testsuite> <!-- Action -->
