<?xml version="1.0" encoding="UTF-8"?>
<!-- Generated by org.testng.reporters.JUnitReportReporter -->
<testsuite skipped="0" hostname="DESKTOP-RA2ECB6" name="piit.RRegression.W4Annotation" tests="3" failures="0" timestamp="2020-07-08T02:24:22 EDT" time="0.003" errors="0">
  <testcase name="f" time="0.001" classname="piit.RRegression.W4Annotation"/>
  <system-out/>
  <testcase name="third" time="0.001" classname="piit.RRegression.W4Annotation"/>
  <system-out/>
  <testcase name="nd" time="0.001" classname="piit.RRegression.W4Annotation"/>
  <system-out/>
</testsuite> <!-- piit.RRegression.W4Annotation -->
