<?xml version="1.0" encoding="UTF-8"?>
<!-- Generated by org.testng.reporters.JUnitReportReporter -->
<testsuite skipped="0" hostname="DESKTOP-RA2ECB6" name="piit.RRegression.W7errors" tests="6" failures="0" timestamp="2020-07-23T13:32:43 EDT" time="94.838" errors="0">
  <testcase name="f" time="14.274" classname="piit.RRegression.W7errors"/>
  <system-out/>
  <testcase name="f" time="16.107" classname="piit.RRegression.W7errors"/>
  <system-out/>
  <testcase name="f" time="14.251" classname="piit.RRegression.W7errors"/>
  <system-out/>
  <testcase name="f" time="14.293" classname="piit.RRegression.W7errors"/>
  <system-out/>
  <testcase name="f" time="19.357" classname="piit.RRegression.W7errors"/>
  <system-out/>
  <testcase name="f" time="16.556" classname="piit.RRegression.W7errors"/>
  <system-out/>
</testsuite> <!-- piit.RRegression.W7errors -->
