<?xml version="1.0" encoding="UTF-8"?>
<!-- Generated by org.testng.reporters.JUnitReportReporter -->
<testsuite skipped="0" hostname="DESKTOP-RA2ECB6" name="piit.RRegression.W4Practice" tests="3" failures="0" timestamp="2020-07-07T18:22:30 EDT" time="0.008" errors="0">
  <testcase name="third" time="0.001" classname="piit.RRegression.W4Practice"/>
  <system-out/>
  <testcase name="nd" time="0.002" classname="piit.RRegression.W4Practice"/>
  <system-out/>
  <testcase name="f" time="0.005" classname="piit.RRegression.W4Practice"/>
  <system-out/>
</testsuite> <!-- piit.RRegression.W4Practice -->
