<?xml version="1.0" encoding="UTF-8"?>
<!-- Generated by org.testng.reporters.JUnitXMLReporter -->
<testsuite hostname="DESKTOP-RA2ECB6" ignored="0" name="Test" tests="4" failures="0" timestamp="2022-03-17T21:44:18 EDT" time="0.046" errors="0">
  <testcase name="launchBrowser" time="0.007" classname="TestNG_HRM.FristTestCase"/>
  <testcase name="openUrl" time="0.001" classname="TestNG_HRM.FristTestCase"/>
  <testcase name="login" time="0.001" classname="TestNG_HRM.FristTestCase"/>
  <testcase name="closeBrowser" time="0.001" classname="TestNG_HRM.FristTestCase"/>
</testsuite> <!-- Test -->
