<?xml version="1.0" encoding="UTF-8"?>
<!-- Generated by org.testng.reporters.JUnitXMLReporter -->
<testsuite hostname="DESKTOP-RA2ECB6" ignored="6" name="groupingtests" tests="3" failures="0" timestamp="2020-12-19T21:15:23 EST" time="0.032" errors="0">
  <testcase name="loginByemail" time="0.005" classname="Day25.GroupingTest"/>
  <testcase name="loginByfacebook" time="0.001" classname="Day25.GroupingTest"/>
  <testcase name="loginBytwitter" time="0.0" classname="Day25.GroupingTest"/>
  <testcase name="paymentindollar" time="0.0" classname="Day25.GroupingTest">
    <ignored/>
  </testcase> <!-- paymentindollar -->
  <testcase name="paymentReturnbybank" time="0.0" classname="Day25.GroupingTest">
    <ignored/>
  </testcase> <!-- paymentReturnbybank -->
  <testcase name="signupbyfacebook" time="0.0" classname="Day25.GroupingTest">
    <ignored/>
  </testcase> <!-- signupbyfacebook -->
  <testcase name="paymentinrupees" time="0.0" classname="Day25.GroupingTest">
    <ignored/>
  </testcase> <!-- paymentinrupees -->
  <testcase name="signupbyemail" time="0.0" classname="Day25.GroupingTest">
    <ignored/>
  </testcase> <!-- signupbyemail -->
  <testcase name="signupbytwitter" time="0.0" classname="Day25.GroupingTest">
    <ignored/>
  </testcase> <!-- signupbytwitter -->
</testsuite> <!-- groupingtests -->
