{"failedCount":2,"prefixedPath":"src\/test\/java\/Test\/Post.feature","packageQualifiedName":"src.test.java.Test.Post","loopIndex":-1,"relativePath":"src\/test\/java\/Test\/Post.feature","scenarioResults":[{"sectionIndex":0,"stepResults":[{"result":{"nanos":51635000,"millis":51.635,"status":"passed"},"step":{"background":true,"line":6,"prefix":"*","index":0,"text":"url 'https:\/\/reqres.in\/api'"}},{"result":{"nanos":10727800,"errorMessage":">>>> js failed:\n01: 'application\/json\n<<<<\norg.graalvm.polyglot.PolyglotException: SyntaxError: Unnamed:1:17 Missing close quote\r\n'application\/json\r\n                 ^\n\n- org.graalvm.polyglot.Context.eval(Context.java:373)\n- com.intuit.karate.graal.JsEngine.evalForValue(JsEngine.java:124)\n- com.intuit.karate.graal.JsEngine.eval(JsEngine.java:120)\n- com.intuit.karate.core.ScenarioEngine.evalJs(ScenarioEngine.java:1246)\n- com.intuit.karate.core.ScenarioEngine.evalKarateExpression(ScenarioEngine.java:2202)\n- com.intuit.karate.core.ScenarioEngine.header(ScenarioEngine.java:389)\n- com.intuit.karate.ScenarioActions.header(ScenarioActions.java:118)\n\nsrc\/test\/java\/Test\/Post.feature:7","millis":10.7278,"status":"failed"},"step":{"background":true,"line":7,"prefix":"*","index":1,"text":"header Accept = 'application\/json"},"stepLog":"23:57:26.425 src\/test\/java\/Test\/Post.feature:7\n* header Accept = 'application\/json\n>>>> js failed:\n01: 'application\/json\n<<<<\norg.graalvm.polyglot.PolyglotException: SyntaxError: Unnamed:1:17 Missing close quote\r\n'application\/json\r\n                 ^\n\n- org.graalvm.polyglot.Context.eval(Context.java:373)\n- com.intuit.karate.graal.JsEngine.evalForValue(JsEngine.java:124)\n- com.intuit.karate.graal.JsEngine.eval(JsEngine.java:120)\n- com.intuit.karate.core.ScenarioEngine.evalJs(ScenarioEngine.java:1246)\n- com.intuit.karate.core.ScenarioEngine.evalKarateExpression(ScenarioEngine.java:2202)\n- com.intuit.karate.core.ScenarioEngine.header(ScenarioEngine.java:389)\n- com.intuit.karate.ScenarioActions.header(ScenarioActions.java:118)\n\nsrc\/test\/java\/Test\/Post.feature:7\n"},{"result":{"nanos":0,"millis":0.0,"status":"skipped"},"step":{"line":11,"prefix":"Given","index":0,"text":"url 'https:\/\/reqres.in\/api\/users'"}},{"result":{"nanos":0,"millis":0.0,"status":"skipped"},"step":{"line":12,"prefix":"And","index":1,"text":"request { \"name\": \"Ahmad\", \"job\": \"QA Specialist\"}"}},{"result":{"nanos":0,"millis":0.0,"status":"skipped"},"step":{"line":13,"prefix":"When","index":2,"text":"method POST"}},{"result":{"nanos":0,"millis":0.0,"status":"skipped"},"step":{"line":14,"prefix":"Then","index":3,"text":"status 201"}},{"result":{"nanos":0,"millis":0.0,"status":"skipped"},"step":{"line":15,"prefix":"And","index":4,"text":"print response"}},{"result":{"nanos":0,"millis":0.0,"status":"skipped"},"step":{"line":16,"prefix":"And","index":5,"text":"print responseStatus"}},{"result":{"nanos":0,"millis":0.0,"status":"skipped"},"step":{"line":17,"prefix":"And","index":6,"text":"print responseTime"}}],"line":10,"description":"","durationMillis":62.3628,"failed":true,"error":">>>> js failed:\n01: 'application\/json\n<<<<\norg.graalvm.polyglot.PolyglotException: SyntaxError: Unnamed:1:17 Missing close quote\r\n'application\/json\r\n                 ^\n\n- org.graalvm.polyglot.Context.eval(Context.java:373)\n- com.intuit.karate.graal.JsEngine.evalForValue(JsEngine.java:124)\n- com.intuit.karate.graal.JsEngine.eval(JsEngine.java:120)\n- com.intuit.karate.core.ScenarioEngine.evalJs(ScenarioEngine.java:1246)\n- com.intuit.karate.core.ScenarioEngine.evalKarateExpression(ScenarioEngine.java:2202)\n- com.intuit.karate.core.ScenarioEngine.header(ScenarioEngine.java:389)\n- com.intuit.karate.ScenarioActions.header(ScenarioActions.java:118)\n\nsrc\/test\/java\/Test\/Post.feature:7","executorName":"main","name":"Post Demo 1","startTime":1643605046355,"refId":"[1:10]","endTime":1643605046425,"exampleIndex":-1},{"sectionIndex":1,"stepResults":[{"result":{"nanos":162800,"millis":0.1628,"status":"passed"},"step":{"background":true,"line":6,"prefix":"*","index":0,"text":"url 'https:\/\/reqres.in\/api'"}},{"result":{"nanos":434400,"errorMessage":">>>> js failed:\n01: 'application\/json\n<<<<\norg.graalvm.polyglot.PolyglotException: SyntaxError: Unnamed:1:17 Missing close quote\r\n'application\/json\r\n                 ^\n\n- org.graalvm.polyglot.Context.eval(Context.java:373)\n- com.intuit.karate.graal.JsEngine.evalForValue(JsEngine.java:124)\n- com.intuit.karate.graal.JsEngine.eval(JsEngine.java:120)\n- com.intuit.karate.core.ScenarioEngine.evalJs(ScenarioEngine.java:1246)\n- com.intuit.karate.core.ScenarioEngine.evalKarateExpression(ScenarioEngine.java:2202)\n- com.intuit.karate.core.ScenarioEngine.header(ScenarioEngine.java:389)\n- com.intuit.karate.ScenarioActions.header(ScenarioActions.java:118)\n\nsrc\/test\/java\/Test\/Post.feature:7","millis":0.4344,"status":"failed"},"step":{"background":true,"line":7,"prefix":"*","index":1,"text":"header Accept = 'application\/json"},"stepLog":"23:57:26.430 src\/test\/java\/Test\/Post.feature:7\n* header Accept = 'application\/json\n>>>> js failed:\n01: 'application\/json\n<<<<\norg.graalvm.polyglot.PolyglotException: SyntaxError: Unnamed:1:17 Missing close quote\r\n'application\/json\r\n                 ^\n\n- org.graalvm.polyglot.Context.eval(Context.java:373)\n- com.intuit.karate.graal.JsEngine.evalForValue(JsEngine.java:124)\n- com.intuit.karate.graal.JsEngine.eval(JsEngine.java:120)\n- com.intuit.karate.core.ScenarioEngine.evalJs(ScenarioEngine.java:1246)\n- com.intuit.karate.core.ScenarioEngine.evalKarateExpression(ScenarioEngine.java:2202)\n- com.intuit.karate.core.ScenarioEngine.header(ScenarioEngine.java:389)\n- com.intuit.karate.ScenarioActions.header(ScenarioActions.java:118)\n\nsrc\/test\/java\/Test\/Post.feature:7\n"},{"result":{"nanos":0,"millis":0.0,"status":"skipped"},"step":{"line":21,"prefix":"Given","index":0,"text":"path '\/users'"}},{"result":{"nanos":0,"millis":0.0,"status":"skipped"},"step":{"line":22,"prefix":"And","index":1,"text":"request { \"name\": \"Ahmad\", \"job\": \"QA Specialist\"}"}},{"result":{"nanos":0,"millis":0.0,"status":"skipped"},"step":{"line":23,"prefix":"When","index":2,"text":"method POST"}},{"result":{"nanos":0,"millis":0.0,"status":"skipped"},"step":{"line":24,"prefix":"Then","index":3,"text":"method status 201"}},{"result":{"nanos":0,"millis":0.0,"status":"skipped"},"step":{"line":25,"prefix":"And","index":4,"text":"print response"}}],"line":20,"description":"","durationMillis":0.5972,"failed":true,"error":">>>> js failed:\n01: 'application\/json\n<<<<\norg.graalvm.polyglot.PolyglotException: SyntaxError: Unnamed:1:17 Missing close quote\r\n'application\/json\r\n                 ^\n\n- org.graalvm.polyglot.Context.eval(Context.java:373)\n- com.intuit.karate.graal.JsEngine.evalForValue(JsEngine.java:124)\n- com.intuit.karate.graal.JsEngine.eval(JsEngine.java:120)\n- com.intuit.karate.core.ScenarioEngine.evalJs(ScenarioEngine.java:1246)\n- com.intuit.karate.core.ScenarioEngine.evalKarateExpression(ScenarioEngine.java:2202)\n- com.intuit.karate.core.ScenarioEngine.header(ScenarioEngine.java:389)\n- com.intuit.karate.ScenarioActions.header(ScenarioActions.java:118)\n\nsrc\/test\/java\/Test\/Post.feature:7","executorName":"main","name":"Post Demo 1","startTime":1643605046429,"refId":"[2:20]","endTime":1643605046430,"exampleIndex":-1}],"callDepth":0,"name":"Post API Demo","description":"","resultDate":"2022-01-30 11:57:26 PM","durationMillis":62.96,"passedCount":0}