<?xml version="1.0" encoding="UTF-8"?>
<!-- Generated by org.testng.reporters.JUnitXMLReporter -->
<testsuite hostname="DESKTOP-RA2ECB6" ignored="0" name="Select class" tests="1" failures="1" timestamp="2020-08-03T02:04:52 EDT" time="0.033" errors="0">
  <testcase name="f" time="0.006" classname="w4TestNG.Viedo4Continues">
    <failure type="java.lang.NullPointerException">
      <![CDATA[java.lang.NullPointerException
at w4TestNG.Viedo4Continues.f(Viedo4Continues.java:22)
at java.util.ArrayList.forEach(ArrayList.java:1257)
... Removed 27 stack frames]]>
    </failure>
  </testcase> <!-- f -->
</testsuite> <!-- Select class -->
