<?xml version="1.0" encoding="UTF-8"?>
<!-- Generated by org.testng.reporters.JUnitReportReporter -->
<testsuite skipped="0" hostname="DESKTOP-RA2ECB6" name="w4.video4" tests="3" failures="0" timestamp="2020-07-31T01:50:42 EDT" time="0.006" errors="0">
  <testcase name="f" time="0.004" classname="w4.video4"/>
  <system-out/>
  <testcase name="td" time="0.001" classname="w4.video4"/>
  <system-out/>
  <testcase name="third" time="0.001" classname="w4.video4"/>
  <system-out/>
</testsuite> <!-- w4.video4 -->
