<?xml version="1.0" encoding="UTF-8"?>
<!-- Generated by org.testng.reporters.JUnitReportReporter -->
<testsuite skipped="0" hostname="DESKTOP-RA2ECB6" name="w4TestNG.video4" tests="3" failures="0" timestamp="2020-09-18T15:27:56 EDT" time="0.007" errors="0">
  <testcase name="f" time="0.003" classname="w4TestNG.video4"/>
  <system-out/>
  <testcase name="td" time="0.002" classname="w4TestNG.video4"/>
  <system-out/>
  <testcase name="third" time="0.002" classname="w4TestNG.video4"/>
  <system-out/>
</testsuite> <!-- w4TestNG.video4 -->
