<?xml version="1.0" encoding="UTF-8"?>
<!-- Generated by org.testng.reporters.JUnitReportReporter -->
<testsuite skipped="0" hostname="DESKTOP-RA2ECB6" name="Day23TestNG.LoginTest" tests="3" failures="0" timestamp="2020-12-16T17:30:21 EST" time="4.720" errors="0">
  <testcase name="setup" time="3.497" classname="Day23TestNG.LoginTest"/>
  <system-out/>
  <testcase name="loginTest" time="1.186" classname="Day23TestNG.LoginTest"/>
  <system-out/>
  <testcase name="teardown" time="0.037" classname="Day23TestNG.LoginTest"/>
  <system-out/>
</testsuite> <!-- Day23TestNG.LoginTest -->
