<?xml version="1.0" encoding="UTF-8"?>
<!-- Generated by org.testng.reporters.JUnitReportReporter -->
<testsuite skipped="0" hostname="DESKTOP-RA2ECB6" name="w4TestNG.Viedo4Continues" tests="1" failures="0" timestamp="2020-08-03T18:08:40 EDT" time="13.570" errors="1">
  <testcase name="f" time="13.570" classname="w4TestNG.Viedo4Continues">
    <error type="org.openqa.selenium.SessionNotCreatedException" message="session not created
from chrome not reachable
  (Session info: chrome=84.0.4147.105)
Build info: version: &#039;3.141.59&#039;, revision: &#039;e82be7d358&#039;, time: &#039;2018-11-14T08:17:03&#039;
System info: host: &#039;DESKTOP-RA2ECB6&#039;, ip: &#039;192.168.244.1&#039;, os.name: &#039;Windows 10&#039;, os.arch: &#039;amd64&#039;, os.version: &#039;10.0&#039;, java.version: &#039;1.8.0_251&#039;
Driver info: driver.version: ChromeDriver
remote stacktrace: Backtrace:
	Ordinal0 [0x008D9563+2725219]
	Ordinal0 [0x007D8551+1672529]
	Ordinal0 [0x006C0202+524802]
	Ordinal0 [0x006B99B2+498098]
	Ordinal0 [0x006BA09B+499867]
	Ordinal0 [0x006BAFF5+503797]
	Ordinal0 [0x006B6994+485780]
	Ordinal0 [0x006C0FF0+528368]
	Ordinal0 [0x0066D6C9+186057]
	Ordinal0 [0x0066CA3D+182845]
	Ordinal0 [0x0066A94B+174411]
	Ordinal0 [0x00652528+75048]
	Ordinal0 [0x006535A0+79264]
	Ordinal0 [0x00653539+79161]
	Ordinal0 [0x007ED607+1758727]
	GetHandleVerifier [0x009F6546+1050150]
	GetHandleVerifier [0x009F6291+1049457]
	GetHandleVerifier [0x00A010D7+1094071]
	GetHandleVerifier [0x009F6B46+1051686]
	Ordinal0 [0x007E5B06+1727238]
	Ordinal0 [0x007EEB7B+1764219]
	Ordinal0 [0x007EECE3+1764579]
	Ordinal0 [0x00804C05+1854469]
	BaseThreadInitThunk [0x76F26359+25]
	RtlGetAppContainerNamedObjectPath [0x77407C24+228]
	RtlGetAppContainerNamedObjectPath [0x77407BF4+180]
">
      <![CDATA[org.openqa.selenium.SessionNotCreatedException: session not created
from chrome not reachable
  (Session info: chrome=84.0.4147.105)
Build info: version: '3.141.59', revision: 'e82be7d358', time: '2018-11-14T08:17:03'
System info: host: 'DESKTOP-RA2ECB6', ip: '192.168.244.1', os.name: 'Windows 10', os.arch: 'amd64', os.version: '10.0', java.version: '1.8.0_251'
Driver info: driver.version: ChromeDriver
remote stacktrace: Backtrace:
Ordinal0 [0x008D9563+2725219]
Ordinal0 [0x007D8551+1672529]
Ordinal0 [0x006C0202+524802]
Ordinal0 [0x006B99B2+498098]
Ordinal0 [0x006BA09B+499867]
Ordinal0 [0x006BAFF5+503797]
Ordinal0 [0x006B6994+485780]
Ordinal0 [0x006C0FF0+528368]
Ordinal0 [0x0066D6C9+186057]
Ordinal0 [0x0066CA3D+182845]
Ordinal0 [0x0066A94B+174411]
Ordinal0 [0x00652528+75048]
Ordinal0 [0x006535A0+79264]
Ordinal0 [0x00653539+79161]
Ordinal0 [0x007ED607+1758727]
GetHandleVerifier [0x009F6546+1050150]
GetHandleVerifier [0x009F6291+1049457]
GetHandleVerifier [0x00A010D7+1094071]
GetHandleVerifier [0x009F6B46+1051686]
Ordinal0 [0x007E5B06+1727238]
Ordinal0 [0x007EEB7B+1764219]
Ordinal0 [0x007EECE3+1764579]
Ordinal0 [0x00804C05+1854469]
BaseThreadInitThunk [0x76F26359+25]
RtlGetAppContainerNamedObjectPath [0x77407C24+228]
RtlGetAppContainerNamedObjectPath [0x77407BF4+180]

at sun.reflect.NativeConstructorAccessorImpl.newInstance0(Native Method)
at sun.reflect.NativeConstructorAccessorImpl.newInstance(NativeConstructorAccessorImpl.java:62)
at sun.reflect.DelegatingConstructorAccessorImpl.newInstance(DelegatingConstructorAccessorImpl.java:45)
at java.lang.reflect.Constructor.newInstance(Constructor.java:423)
at org.openqa.selenium.remote.W3CHandshakeResponse.lambda$errorHandler$0(W3CHandshakeResponse.java:62)
at org.openqa.selenium.remote.HandshakeResponse.lambda$getResponseFunction$0(HandshakeResponse.java:30)
at org.openqa.selenium.remote.ProtocolHandshake.lambda$createSession$0(ProtocolHandshake.java:126)
at java.util.stream.ReferencePipeline$3$1.accept(ReferencePipeline.java:193)
at java.util.Spliterators$ArraySpliterator.tryAdvance(Spliterators.java:958)
at java.util.stream.ReferencePipeline.forEachWithCancel(ReferencePipeline.java:126)
at java.util.stream.AbstractPipeline.copyIntoWithCancel(AbstractPipeline.java:499)
at java.util.stream.AbstractPipeline.copyInto(AbstractPipeline.java:486)
at java.util.stream.AbstractPipeline.wrapAndCopyInto(AbstractPipeline.java:472)
at java.util.stream.FindOps$FindOp.evaluateSequential(FindOps.java:152)
at java.util.stream.AbstractPipeline.evaluate(AbstractPipeline.java:234)
at java.util.stream.ReferencePipeline.findFirst(ReferencePipeline.java:464)
at org.openqa.selenium.remote.ProtocolHandshake.createSession(ProtocolHandshake.java:128)
at org.openqa.selenium.remote.ProtocolHandshake.createSession(ProtocolHandshake.java:74)
at org.openqa.selenium.remote.HttpCommandExecutor.execute(HttpCommandExecutor.java:136)
at org.openqa.selenium.remote.service.DriverCommandExecutor.execute(DriverCommandExecutor.java:83)
at org.openqa.selenium.remote.RemoteWebDriver.execute(RemoteWebDriver.java:552)
at org.openqa.selenium.remote.RemoteWebDriver.startSession(RemoteWebDriver.java:213)
at org.openqa.selenium.remote.RemoteWebDriver.<init>(RemoteWebDriver.java:131)
at org.openqa.selenium.chrome.ChromeDriver.<init>(ChromeDriver.java:181)
at org.openqa.selenium.chrome.ChromeDriver.<init>(ChromeDriver.java:168)
at org.openqa.selenium.chrome.ChromeDriver.<init>(ChromeDriver.java:123)
at w4TestNG.Viedo4Continues.browser(Viedo4Continues.java:38)
at w4TestNG.Viedo4Continues.f(Viedo4Continues.java:21)
at sun.reflect.NativeMethodAccessorImpl.invoke0(Native Method)
at sun.reflect.NativeMethodAccessorImpl.invoke(NativeMethodAccessorImpl.java:62)
at sun.reflect.DelegatingMethodAccessorImpl.invoke(DelegatingMethodAccessorImpl.java:43)
at java.lang.reflect.Method.invoke(Method.java:498)
at org.testng.internal.MethodInvocationHelper.invokeMethod(MethodInvocationHelper.java:135)
at org.testng.internal.TestInvoker.invokeMethod(TestInvoker.java:598)
at org.testng.internal.TestInvoker.invokeTestMethod(TestInvoker.java:174)
at org.testng.internal.MethodRunner.runInSequence(MethodRunner.java:46)
at org.testng.internal.TestInvoker$MethodInvocationAgent.invoke(TestInvoker.java:821)
at org.testng.internal.TestInvoker.invokeTestMethods(TestInvoker.java:147)
at org.testng.internal.TestMethodWorker.invokeTestMethods(TestMethodWorker.java:146)
at org.testng.internal.TestMethodWorker.run(TestMethodWorker.java:128)
at java.util.ArrayList.forEach(ArrayList.java:1257)
at org.testng.TestRunner.privateRun(TestRunner.java:767)
at org.testng.TestRunner.run(TestRunner.java:588)
at org.testng.SuiteRunner.runTest(SuiteRunner.java:384)
at org.testng.SuiteRunner.runSequentially(SuiteRunner.java:378)
at org.testng.SuiteRunner.privateRun(SuiteRunner.java:337)
at org.testng.SuiteRunner.run(SuiteRunner.java:286)
at org.testng.SuiteRunnerWorker.runSuite(SuiteRunnerWorker.java:53)
at org.testng.SuiteRunnerWorker.run(SuiteRunnerWorker.java:96)
at org.testng.TestNG.runSuitesSequentially(TestNG.java:1214)
at org.testng.TestNG.runSuitesLocally(TestNG.java:1136)
at org.testng.TestNG.runSuites(TestNG.java:1066)
at org.testng.TestNG.run(TestNG.java:1034)
at org.testng.remote.AbstractRemoteTestNG.run(AbstractRemoteTestNG.java:115)
at org.testng.remote.RemoteTestNG.initAndRun(RemoteTestNG.java:251)
at org.testng.remote.RemoteTestNG.main(RemoteTestNG.java:77)
]]>
    </error>
  </testcase> <!-- f -->
  <system-out/>
</testsuite> <!-- w4TestNG.Viedo4Continues -->
