<?xml version="1.0" encoding="UTF-8"?>
<!-- Generated by org.testng.reporters.JUnitReportReporter -->
<testsuite skipped="0" hostname="DESKTOP-RA2ECB6" name="Day24TestNG.Annotations" tests="3" failures="0" timestamp="2020-12-16T18:16:51 EST" time="0.009" errors="0">
  <testcase name="search" time="0.004" classname="Day24TestNG.Annotations"/>
  <system-out/>
  <testcase name="advancedSearch" time="0.001" classname="Day24TestNG.Annotations"/>
  <system-out/>
  <testcase name="Recharge" time="0.004" classname="Day24TestNG.Annotations"/>
  <system-out/>
</testsuite> <!-- Day24TestNG.Annotations -->
