<?xml version="1.0" encoding="UTF-8"?>
<!-- Generated by org.testng.reporters.JUnitReportReporter -->
<testsuite skipped="0" hostname="DESKTOP-RA2ECB6" name="Day25.GroupingTest" tests="9" failures="0" timestamp="2020-12-20T16:15:17 EST" time="0.009" errors="0">
  <testcase name="loginByemail" time="0.005" classname="Day25.GroupingTest"/>
  <system-out/>
  <testcase name="loginByfacebook" time="0.001" classname="Day25.GroupingTest"/>
  <system-out/>
  <testcase name="loginBytwitter" time="0.000" classname="Day25.GroupingTest"/>
  <system-out/>
  <testcase name="signupbyemail" time="0.000" classname="Day25.GroupingTest"/>
  <system-out/>
  <testcase name="signupbyfacebook" time="0.001" classname="Day25.GroupingTest"/>
  <system-out/>
  <testcase name="signupbytwitter" time="0.000" classname="Day25.GroupingTest"/>
  <system-out/>
  <testcase name="paymentReturnbybank" time="0.000" classname="Day25.GroupingTest"/>
  <system-out/>
  <testcase name="paymentindollar" time="0.001" classname="Day25.GroupingTest"/>
  <system-out/>
  <testcase name="paymentinrupees" time="0.001" classname="Day25.GroupingTest"/>
  <system-out/>
</testsuite> <!-- Day25.GroupingTest -->
