<?xml version="1.0" encoding="UTF-8"?>
<!-- Generated by org.testng.reporters.JUnitReportReporter -->
<testsuite skipped="0" hostname="DESKTOP-RA2ECB6" name="Day23TestNG.FirstTestCase" tests="4" failures="0" timestamp="2020-12-16T17:24:48 EST" time="0.004" errors="0">
  <testcase name="launchBrowser" time="0.001" classname="Day23TestNG.FirstTestCase"/>
  <system-out/>
  <testcase name="openUrl" time="0.001" classname="Day23TestNG.FirstTestCase"/>
  <system-out/>
  <testcase name="login" time="0.001" classname="Day23TestNG.FirstTestCase"/>
  <system-out/>
  <testcase name="closeBrowser" time="0.001" classname="Day23TestNG.FirstTestCase"/>
  <system-out/>
</testsuite> <!-- Day23TestNG.FirstTestCase -->
