<?xml version="1.0" encoding="UTF-8"?>
<!-- Generated by org.testng.reporters.JUnitXMLReporter -->
<testsuite hostname="DESKTOP-RA2ECB6" ignored="0" name="test" tests="3" failures="1" timestamp="2020-12-21T22:46:10 EST" time="0.041" errors="0">
  <testcase name="setup" time="0.009" classname="Day25TestNGListners.TestCase1"/>
  <testcase name="login" time="0.0" classname="Day25TestNGListners.TestCase1">
    <failure type="java.lang.AssertionError">
      <![CDATA[java.lang.AssertionError
at org.junit.Assert.fail(Assert.java:86)
at org.junit.Assert.assertTrue(Assert.java:41)
at org.junit.Assert.assertTrue(Assert.java:52)
at Day25TestNGListners.TestCase1.login(TestCase1.java:19)
at java.util.ArrayList.forEach(ArrayList.java:1257)
... Removed 27 stack frames]]>
    </failure>
  </testcase> <!-- login -->
  <testcase name="logout" time="0.0" classname="Day25TestNGListners.TestCase1">
    <skipped/>
  </testcase> <!-- logout -->
</testsuite> <!-- test -->
