<?xml version="1.0" encoding="UTF-8"?>
<!-- Generated by org.testng.reporters.JUnitXMLReporter -->
<testsuite hostname="DESKTOP-RA2ECB6" ignored="0" name="firefoxTest" tests="2" failures="2" timestamp="2020-12-21T10:35:33 EST" time="0.008" errors="0">
  <testcase name="logoTest" time="0.001" classname="Day25Parameterization.parametersExample">
    <failure type="java.lang.NullPointerException">
      <![CDATA[java.lang.NullPointerException
at Day25Parameterization.parametersExample.logoTest(parametersExample.java:53)
at java.util.ArrayList.forEach(ArrayList.java:1257)
... Removed 27 stack frames]]>
    </failure>
  </testcase> <!-- logoTest -->
  <testcase name="homePageTitleTest" time="0.001" classname="Day25Parameterization.parametersExample">
    <failure type="java.lang.NullPointerException">
      <![CDATA[java.lang.NullPointerException
at Day25Parameterization.parametersExample.homePageTitleTest(parametersExample.java:61)
at java.util.ArrayList.forEach(ArrayList.java:1257)
... Removed 27 stack frames]]>
    </failure>
  </testcase> <!-- homePageTitleTest -->
</testsuite> <!-- firefoxTest -->
