<?xml version="1.0" encoding="UTF-8"?>
<!-- Generated by org.testng.reporters.JUnitXMLReporter -->
<testsuite hostname="DESKTOP-RA2ECB6" ignored="0" name="paramtest" tests="2" failures="2" timestamp="2020-12-20T22:16:00 EST" time="0.033" errors="0">
  <testcase name="logoTest" time="0.006" classname="Day25Parameterization.parametersExample">
    <failure type="java.lang.NullPointerException">
      <![CDATA[java.lang.NullPointerException
at Day25Parameterization.parametersExample.logoTest(parametersExample.java:50)
at java.util.ArrayList.forEach(ArrayList.java:1257)
... Removed 27 stack frames]]>
    </failure>
  </testcase> <!-- logoTest -->
  <testcase name="homePageTitleTest" time="0.0" classname="Day25Parameterization.parametersExample">
    <failure type="java.lang.NullPointerException">
      <![CDATA[java.lang.NullPointerException
at Day25Parameterization.parametersExample.homePageTitleTest(parametersExample.java:58)
at java.util.ArrayList.forEach(ArrayList.java:1257)
... Removed 27 stack frames]]>
    </failure>
  </testcase> <!-- homePageTitleTest -->
</testsuite> <!-- paramtest -->
