<?xml version="1.0" encoding="UTF-8"?>
<testng-results skipped="0" failed="0" ignored="0" total="1" passed="1">
  <reporter-output>
  </reporter-output>
  <suite name="Default suite" duration-ms="29" started-at="2021-08-20T08:51:49 EDT" finished-at="2021-08-20T08:51:49 EDT">
    <groups>
    </groups>
    <test name="Default test" duration-ms="29" started-at="2021-08-20T08:51:49 EDT" finished-at="2021-08-20T08:51:49 EDT">
      <class name="Day24Tests.AssetionApproach1">
        <test-method status="PASS" signature="m1()[pri:0, instance:Day24Tests.AssetionApproach1@436e852b]" name="m1" duration-ms="6" started-at="2021-08-20T08:51:49 EDT" finished-at="2021-08-20T08:51:49 EDT">
          <reporter-output>
          </reporter-output>
        </test-method> <!-- m1 -->
      </class> <!-- Day24Tests.AssetionApproach1 -->
    </test> <!-- Default test -->
  </suite> <!-- Default suite -->
</testng-results>
